C51 COMPILER V9.60.7.0   DC                                                                03/08/2026 14:44:14 PAGE 1   


C51 COMPILER V9.60.7.0, COMPILATION OF MODULE DC
OBJECT MODULE PLACED IN .\Objects\DC.obj
COMPILER INVOKED BY: C:\Keil_v5\C51\BIN\C51.EXE DC.c OPTIMIZE(8,SPEED) BROWSE DEBUG OBJECTEXTEND PRINT(.\Listings\DC.lst
                    -) TABS(2) OBJECT(.\Objects\DC.obj)

line level    source

   1          #include <reg51.h>
   2          
   3          // Switch inputs
   4          sbit SW1 = P2^0;     // Clockwise switch
   5          sbit SW2 = P2^1;     // Anticlockwise switch
   6          
   7          // Motor control outputs
   8          sbit M1 = P1^0;
   9          sbit M2 = P1^1;
  10          
  11          void main()
  12          {
  13   1          P2 = 0xFF;   // Make Port2 as input
  14   1          P1 = 0x00;   // Make Port1 as output
  15   1      
  16   1          while(1)
  17   1          {
  18   2              if(SW1 == 0)        // Switch1 pressed
  19   2              {
  20   3                  M1 = 1;
  21   3                  M2 = 0;         // Clockwise rotation
  22   3              }
  23   2      
  24   2              else if(SW2 == 0)   // Switch2 pressed
  25   2              {
  26   3                  M1 = 0;
  27   3                  M2 = 1;         // Anticlockwise rotation
  28   3              }
  29   2      
  30   2              else
  31   2              {
  32   3                  M1 = 0;
  33   3                  M2 = 0;         // Motor Stop
  34   3              }
  35   2          }
  36   1      }


MODULE INFORMATION:   STATIC OVERLAYABLE
   CODE SIZE        =     30    ----
   CONSTANT SIZE    =   ----    ----
   XDATA SIZE       =   ----    ----
   PDATA SIZE       =   ----    ----
   DATA SIZE        =   ----    ----
   IDATA SIZE       =   ----    ----
   BIT SIZE         =   ----    ----
END OF MODULE INFORMATION.


C51 COMPILATION COMPLETE.  0 WARNING(S),  0 ERROR(S)
